          query          |                                                                                                                                                                                                                                                                                                                                                                                                                                                                                                                                                                                                                                                                                                                                                                                                                                                                                                                                                                                                                                                                                                                                                                                                                                                                                                                                                                                                                                                                                                                                                                                                                                                                                                    plan                                                                                                                                                                                                                                                                                                                                                                                                                                                                                                                                                                                                                                                                                                                                                                                                                                                                                                                                                                                                                                                                                                                                                                                                                                                                                                                                                                                                                                                                                                                                                                                                                                                                                                    
-------------------------+------------------------------------------------------------------------------------------------------------------------------------------------------------------------------------------------------------------------------------------------------------------------------------------------------------------------------------------------------------------------------------------------------------------------------------------------------------------------------------------------------------------------------------------------------------------------------------------------------------------------------------------------------------------------------------------------------------------------------------------------------------------------------------------------------------------------------------------------------------------------------------------------------------------------------------------------------------------------------------------------------------------------------------------------------------------------------------------------------------------------------------------------------------------------------------------------------------------------------------------------------------------------------------------------------------------------------------------------------------------------------------------------------------------------------------------------------------------------------------------------------------------------------------------------------------------------------------------------------------------------------------------------------------------------------------------------------------------------------------------------------------------------------------------------------------------------------------------------------------------------------------------------------------------------------------------------------------------------------------------------------------------------------------------------------------------------------------------------------------------------------------------------------------------------------------------------------------------------------------------------------------------------------------------------------------------------------------------------------------------------------------------------------------------------------------------------------------------------------------------------------------------------------------------------------------------------------------------------------------------------------------------------------------------------------------------------------------------------------------------------------------------------------------------------------------------------------------------------------------------------------------------------------------------------------------------------------------------------------------------------------------------------------------------------------------------------------------------------------------------------------------------------------------------------------------------------------------------------------------------------------------------------------------------------------------------------------------------------------------------------------------------------------------
 select * from sr_plans; | {"type": 223, "rtable": [{"inh": false, "eref": {"type": 95, "colnames": ["query_hash", "plan_hash", "query", "plan", "enable", "valid"], "aliasname": "sr_plans"}, "type": 361, "alias": null, "relid": 16386, "ctename": null, "enrname": null, "lateral": false, "relkind": 114, "rtekind": 0, "coltypes": null, "inFromCl": true, "jointype": 0, "subquery": null, "enrtuples": 0, "functions": null, "tablefunc": null, "coltypmods": null, "checkAsUser": 0, "ctelevelsup": 0, "tablesample": null, "updatedCols": null, "insertedCols": null, "selectedCols": [9, 10, 11, 12, 13, 14], "values_lists": null, "colcollations": null, "joinaliasvars": null, "requiredPerms": 2, "securityQuals": null, "funcordinality": false, "self_reference": false, "security_barrier": false}], "cteList": null, "hasAggs": false, "jointree": {"type": 144, "quals": null, "fromlist": [{"type": 142, "rtindex": 1}]}, "override": 0, "rowMarks": null, "stmt_len": 22, "canSetTag": true, "havingQual": null, "limitCount": null, "onConflict": null, "sortClause": null, "targetList": [{"expr": {"type": 99, "varno": 1, "vartype": 23, "location": 7, "varattno": 1, "varnoold": 1, "varcollid": 0, "varoattno": 1, "vartypmod": -1, "varlevelsup": 0}, "type": 141, "resno": 1, "resjunk": false, "resname": "query_hash", "resorigcol": 1, "resorigtbl": 16386, "ressortgroupref": 0}, {"expr": {"type": 99, "varno": 1, "vartype": 23, "location": 7, "varattno": 2, "varnoold": 1, "varcollid": 0, "varoattno": 2, "vartypmod": -1, "varlevelsup": 0}, "type": 141, "resno": 2, "resjunk": false, "resname": "plan_hash", "resorigcol": 2, "resorigtbl": 16386, "ressortgroupref": 0}, {"expr": {"type": 99, "varno": 1, "vartype": 1043, "location": 7, "varattno": 3, "varnoold": 1, "varcollid": 100, "varoattno": 3, "vartypmod": -1, "varlevelsup": 0}, "type": 141, "resno": 3, "resjunk": false, "resname": "query", "resorigcol": 3, "resorigtbl": 16386, "ressortgroupref": 0}, {"expr": {"type": 99, "varno": 1, "vartype": 3802, "location": 7, "varattno": 4, "varnoold": 1, "varcollid": 0, "varoattno": 4, "vartypmod": -1, "varlevelsup": 0}, "type": 141, "resno": 4, "resjunk": false, "resname": "plan", "resorigcol": 4, "resorigtbl": 16386, "ressortgroupref": 0}, {"expr": {"type": 99, "varno": 1, "vartype": 16, "location": 7, "varattno": 5, "varnoold": 1, "varcollid": 0, "varoattno": 5, "vartypmod": -1, "varlevelsup": 0}, "type": 141, "resno": 5, "resjunk": false, "resname": "enable", "resorigcol": 5, "resorigtbl": 16386, "ressortgroupref": 0}, {"expr": {"type": 99, "varno": 1, "vartype": 16, "location": 7, "varattno": 6, "varnoold": 1, "varcollid": 0, "varoattno": 6, "vartypmod": -1, "varlevelsup": 0}, "type": 141, "resno": 6, "resjunk": false, "resname": "valid", "resorigcol": 6, "resorigtbl": 16386, "ressortgroupref": 0}], "commandType": 1, "groupClause": null, "hasSubLinks": false, "limitOffset": null, "querySource": 0, "utilityStmt": null, "groupingSets": null, "hasForUpdate": false, "hasRecursive": false, "windowClause": null, "hasDistinctOn": false, "hasTargetSRFs": false, "returningList": null, "setOperations": null, "stmt_location": 0, "constraintDeps": null, "distinctClause": null, "hasRowSecurity": false, "hasWindowFuncs": false, "resultRelation": 0, "hasModifyingCTE": false, "withCheckOptions": null}
(1 row)



formated JSON:

{  
   "type":223,
   "rtable":[  
      {  
         "inh":false,
         "eref":{  
            "type":95,
            "colnames":[  
               "query_hash",
               "plan_hash",
               "query",
               "plan",
               "enable",
               "valid"
            ],
            "aliasname":"sr_plans"
         },
         "type":361,
         "alias":null,
         "relid":16386,
         "ctename":null,
         "enrname":null,
         "lateral":false,
         "relkind":114,
         "rtekind":0,
         "coltypes":null,
         "inFromCl":true,
         "jointype":0,
         "subquery":null,
         "enrtuples":0,
         "functions":null,
         "tablefunc":null,
         "coltypmods":null,
         "checkAsUser":0,
         "ctelevelsup":0,
         "tablesample":null,
         "updatedCols":null,
         "insertedCols":null,
         "selectedCols":[  
            9,
            10,
            11,
            12,
            13,
            14
         ],
         "values_lists":null,
         "colcollations":null,
         "joinaliasvars":null,
         "requiredPerms":2,
         "securityQuals":null,
         "funcordinality":false,
         "self_reference":false,
         "security_barrier":false
      }
   ],
   "cteList":null,
   "hasAggs":false,
   "jointree":{  
      "type":144,
      "quals":null,
      "fromlist":[  
         {  
            "type":142,
            "rtindex":1
         }
      ]
   },
   "override":0,
   "rowMarks":null,
   "stmt_len":22,
   "canSetTag":true,
   "havingQual":null,
   "limitCount":null,
   "onConflict":null,
   "sortClause":null,
   "targetList":[  
      {  
         "expr":{  
            "type":99,
            "varno":1,
            "vartype":23,
            "location":7,
            "varattno":1,
            "varnoold":1,
            "varcollid":0,
            "varoattno":1,
            "vartypmod":-1,
            "varlevelsup":0
         },
         "type":141,
         "resno":1,
         "resjunk":false,
         "resname":"query_hash",
         "resorigcol":1,
         "resorigtbl":16386,
         "ressortgroupref":0
      },
      {  
         "expr":{  
            "type":99,
            "varno":1,
            "vartype":23,
            "location":7,
            "varattno":2,
            "varnoold":1,
            "varcollid":0,
            "varoattno":2,
            "vartypmod":-1,
            "varlevelsup":0
         },
         "type":141,
         "resno":2,
         "resjunk":false,
         "resname":"plan_hash",
         "resorigcol":2,
         "resorigtbl":16386,
         "ressortgroupref":0
      },
      {  
         "expr":{  
            "type":99,
            "varno":1,
            "vartype":1043,
            "location":7,
            "varattno":3,
            "varnoold":1,
            "varcollid":100,
            "varoattno":3,
            "vartypmod":-1,
            "varlevelsup":0
         },
         "type":141,
         "resno":3,
         "resjunk":false,
         "resname":"query",
         "resorigcol":3,
         "resorigtbl":16386,
         "ressortgroupref":0
      },
      {  
         "expr":{  
            "type":99,
            "varno":1,
            "vartype":3802,
            "location":7,
            "varattno":4,
            "varnoold":1,
            "varcollid":0,
            "varoattno":4,
            "vartypmod":-1,
            "varlevelsup":0
         },
         "type":141,
         "resno":4,
         "resjunk":false,
         "resname":"plan",
         "resorigcol":4,
         "resorigtbl":16386,
         "ressortgroupref":0
      },
      {  
         "expr":{  
            "type":99,
            "varno":1,
            "vartype":16,
            "location":7,
            "varattno":5,
            "varnoold":1,
            "varcollid":0,
            "varoattno":5,
            "vartypmod":-1,
            "varlevelsup":0
         },
         "type":141,
         "resno":5,
         "resjunk":false,
         "resname":"enable",
         "resorigcol":5,
         "resorigtbl":16386,
         "ressortgroupref":0
      },
      {  
         "expr":{  
            "type":99,
            "varno":1,
            "vartype":16,
            "location":7,
            "varattno":6,
            "varnoold":1,
            "varcollid":0,
            "varoattno":6,
            "vartypmod":-1,
            "varlevelsup":0
         },
         "type":141,
         "resno":6,
         "resjunk":false,
         "resname":"valid",
         "resorigcol":6,
         "resorigtbl":16386,
         "ressortgroupref":0
      }
   ],
   "commandType":1,
   "groupClause":null,
   "hasSubLinks":false,
   "limitOffset":null,
   "querySource":0,
   "utilityStmt":null,
   "groupingSets":null,
   "hasForUpdate":false,
   "hasRecursive":false,
   "windowClause":null,
   "hasDistinctOn":false,
   "hasTargetSRFs":false,
   "returningList":null,
   "setOperations":null,
   "stmt_location":0,
   "constraintDeps":null,
   "distinctClause":null,
   "hasRowSecurity":false,
   "hasWindowFuncs":false,
   "resultRelation":0,
   "hasModifyingCTE":false,
   "withCheckOptions":null
}(1 row)
